<?xml version="1.0" encoding="UTF-8"?>
<!-- Generated by org.testng.reporters.JUnitReportReporter -->
<testsuite hostname="FILT111" failures="0" tests="2" name="Backend_TestCases.Login" time="18.269" errors="0" timestamp="2023-08-31T08:43:44 IST" skipped="0">
  <testcase classname="Backend_TestCases.Login" name="login" time="8.494"/>
  <testcase classname="Backend_TestCases.Login" name="selectCompany" time="9.775"/>
</testsuite> <!-- Backend_TestCases.Login -->
