<?xml version="1.0" encoding="UTF-8"?>
<!-- Generated by org.testng.reporters.JUnitReportReporter -->
<testsuite hostname="FILT111" failures="0" tests="2" name="Backend_TestCases.ManageCompanySetting" time="21.284" errors="0" timestamp="2023-08-31T08:43:44 IST" skipped="0">
  <testcase classname="Backend_TestCases.ManageCompanySetting" name="openManageCompanySetting" time="8.165"/>
  <testcase classname="Backend_TestCases.ManageCompanySetting" name="createCompany" time="13.119"/>
</testsuite> <!-- Backend_TestCases.ManageCompanySetting -->
