<?xml version="1.0" encoding="UTF-8"?>
<!-- Generated by org.testng.reporters.JUnitReportReporter -->
<testsuite hostname="FILT111" failures="0" tests="1" name="Backend_TestCases.Dashboard" time="38.924" errors="0" timestamp="2023-08-25T18:21:14 IST" skipped="0">
  <testcase classname="Backend_TestCases.Dashboard" name="bulkEmployeeDownload" time="38.924"/>
</testsuite> <!-- Backend_TestCases.Dashboard -->
