<?xml version="1.0" encoding="UTF-8"?>
<!-- Generated by org.testng.reporters.JUnitReportReporter -->
<testsuite hostname="FILT111" failures="0" tests="2" name="Backend_TestCases.ManageLicensee" time="27.061" errors="0" timestamp="2023-08-30T22:11:10 IST" skipped="0">
  <testcase classname="Backend_TestCases.ManageLicensee" name="openManageLicensee" time="7.922"/>
  <testcase classname="Backend_TestCases.ManageLicensee" name="editLicensee" time="19.139"/>
</testsuite> <!-- Backend_TestCases.ManageLicensee -->
