<?xml version="1.0" encoding="UTF-8"?>
<!-- Generated by org.testng.reporters.JUnitReportReporter -->
<testsuite hostname="FILT111" failures="0" tests="1" name="Backend_TestCases.OpenBackend" time="12.443" errors="0" timestamp="2023-08-31T08:43:44 IST" skipped="0">
  <testcase classname="Backend_TestCases.OpenBackend" name="openBackend" time="12.443"/>
</testsuite> <!-- Backend_TestCases.OpenBackend -->
